<?xml version="1.0" encoding="UTF-8"?>
<!-- Generated by org.testng.reporters.JUnitReportReporter -->
<testsuite hostname="DESKTOP-3JH0LC3" failures="0" tests="2" name="pack2.orgTest" time="0.019" errors="0" timestamp="03 Oct 2024 11:18:38 GMT" skipped="0">
  <testcase classname="pack2.orgTest" name="createOrgwithPhoneTest" time="0.016"/>
  <testcase classname="pack2.orgTest" name="createorgTest" time="0.003"/>
</testsuite> <!-- pack2.orgTest -->
