<?xml version="1.0" encoding="UTF-8"?>
<!-- Generated by org.testng.reporters.JUnitReportReporter -->
<testsuite hostname="DESKTOP-3JH0LC3" failures="0" tests="2" name="pack1.ContactTest" time="0.020" errors="0" timestamp="03 Oct 2024 11:15:56 GMT" skipped="0">
  <testcase classname="pack1.ContactTest" name="createContactTest" time="0.017"/>
  <testcase classname="pack1.ContactTest" name="createContactwithPhoneTest" time="0.003"/>
</testsuite> <!-- pack1.ContactTest -->
